[2026-03-19 21:58:32] [INFO] 日志文件: D:/bishe/AdaGeoHyper-TKAN/outputs\20260319_215832_temperature\train_20260319_215832.log
[2026-03-19 21:58:32] [INFO] ============================================================
[2026-03-19 21:58:32] [INFO] AdaGeoHyper-TKAN 训练启动
[2026-03-19 21:58:32] [INFO] ============================================================
[2026-03-19 21:58:32] [INFO] 数据集: temperature
[2026-03-19 21:58:32] [INFO] 输出目录: D:/bishe/AdaGeoHyper-TKAN/outputs\20260319_215832_temperature
[2026-03-19 21:58:32] [INFO] [种子] 随机种子设置为 42
[2026-03-19 21:58:32] [INFO] [设备] GPU: NVIDIA GeForce RTX 5070 Laptop GPU, 显存: 8.0GB
[2026-03-19 21:58:32] [INFO] [配置] 配置快照已保存: D:/bishe/AdaGeoHyper-TKAN/outputs\20260319_215832_temperature\config_snapshot.yaml
[2026-03-19 21:58:32] [INFO] [数据] 数据目录: D:/bishe/WYB\temperature
[2026-03-19 21:58:34] [INFO] [数据] 特征维度: 1, 总站点数: 2048
[2026-03-19 21:58:34] [INFO] [数据] 站点采样: 2048 -> 1024
[2026-03-19 21:58:34] [INFO] [数据] 通道0 Scaler: StandardScaler(mean=278.5604, std=20.4642)
[2026-03-19 21:58:34] [INFO] [数据] 加载 trn 集: D:/bishe/WYB\temperature\trn.pkl
[2026-03-19 21:58:36] [INFO] [数据] trn 集原始: x=(2300, 12, 2048, 1), y=(2300, 12, 2048, 1), dtype=float32
[2026-03-19 21:58:37] [INFO] [数据] 站点采样 (指定索引): 1024 个站点
[2026-03-19 21:58:37] [INFO] [数据] 样本抽样: 2300 -> 1150 (ratio=0.5)
[2026-03-19 21:58:37] [INFO] [数据] 标准化完成, 通道数=1
[2026-03-19 21:58:37] [INFO] [数据] trn 集最终: x=(1150, 12, 1024, 1), y=(1150, 12, 1024, 1)
[2026-03-19 21:58:37] [INFO] [数据] 加载 val 集: D:/bishe/WYB\temperature\val.pkl
[2026-03-19 21:58:37] [INFO] [数据] val 集原始: x=(329, 12, 2048, 1), y=(329, 12, 2048, 1), dtype=float32
[2026-03-19 21:58:38] [INFO] [数据] 站点采样 (指定索引): 1024 个站点
[2026-03-19 21:58:38] [INFO] [数据] 标准化完成, 通道数=1
[2026-03-19 21:58:38] [INFO] [数据] val 集最终: x=(329, 12, 1024, 1), y=(329, 12, 1024, 1)
[2026-03-19 21:58:38] [INFO] [数据] 加载 test 集: D:/bishe/WYB\temperature\test.pkl
[2026-03-19 21:58:38] [INFO] [数据] test 集原始: x=(657, 12, 2048, 1), y=(657, 12, 2048, 1), dtype=float32
[2026-03-19 21:58:38] [INFO] [数据] 站点采样 (指定索引): 1024 个站点
[2026-03-19 21:58:38] [INFO] [数据] 标准化完成, 通道数=1
[2026-03-19 21:58:38] [INFO] [数据] test 集最终: x=(657, 12, 1024, 1), y=(657, 12, 1024, 1)
[2026-03-19 21:58:38] [INFO] [数据] 加载位置信息: D:/bishe/WYB\temperature\position.pkl
[2026-03-19 21:58:38] [INFO] [数据] 位置信息: lon/lat (无海拔), shape=(2048, 2)
[2026-03-19 21:58:38] [INFO] [数据] 最终位置: (1024, 2), lon范围=[-180.00, 174.38], lat范围=[-87.19, 87.19]
[2026-03-19 21:58:38] [INFO] [数据] 数据加载完成:
[2026-03-19 21:58:38] [INFO]   训练集: 1150 样本
[2026-03-19 21:58:38] [INFO]   验证集: 329 样本
[2026-03-19 21:58:38] [INFO]   测试集: 657 样本
[2026-03-19 21:58:38] [INFO]   站点数: 1024, 特征维度: 1
[2026-03-19 21:58:38] [INFO]   位置维度: 2
[2026-03-19 21:58:38] [INFO] [模型] AdaGeoHyperTKAN 初始化完成:
[2026-03-19 21:58:38] [INFO]   输入: [B, 12, N, 1]
[2026-03-19 21:58:38] [INFO]   输出: [B, 12, N, 1]
[2026-03-19 21:58:38] [INFO]   hidden_dim=64, tkan_hidden=64
[2026-03-19 21:58:38] [INFO]   tkan_layers=2, hypergraph_layers=2
[2026-03-19 21:58:38] [INFO]   k_neighbors=8
[2026-03-19 21:58:39] [INFO] [模型] 模型参数量: 381,389 (可训练: 381,389)
[2026-03-19 21:58:39] [INFO] [超图] 命中缓存: d:\bishe\AdaGeoHyper-TKAN\cache\hypergraph_15a658de3579f0ef0208126cd9a45869.pkl
[2026-03-19 21:58:39] [INFO] [超图] 从缓存加载成功, 站点数=1024, K=8
[2026-03-19 21:58:39] [INFO] [超图] 超图结构已就绪 (N=1024, K=8, edges=1024)
[2026-03-19 21:58:40] [INFO] [AMP] 混合精度训练已启用 (float16)
[2026-03-19 21:58:40] [INFO] [显存] 预估峰值: ~0.3GB, GPU 可用: 8.0GB
[2026-03-19 21:58:40] [INFO] 
============================================================
[2026-03-19 21:58:40] [INFO] 开始训练: epochs=50, batch_size=16
[2026-03-19 21:58:40] [INFO] 早停: 启用, patience=15
[2026-03-19 21:58:40] [INFO] AMP: 启用
[2026-03-19 21:58:40] [INFO] ============================================================
[2026-03-19 21:58:40] [INFO] ⏳ 首个 batch 需要 CUDA 内核编译 (warmup), 可能等待 1~3 分钟, 请耐心等待...
[2026-03-19 21:58:40] [INFO] 
[2026-03-19 22:29:24] [INFO] Epoch   1/50 | Train Loss: 0.171421 | Val Loss: 0.044012 | Val MAE: 2.9607 | Val RMSE: 4.2897 | Val MAPE: 1.09% | LR: 1.00e-03 | Time: 1844.5s | ★ New Best (first)
[2026-03-19 22:29:24] [INFO] [保存] 最佳模型已保存 (epoch 1, val_loss=0.044012)
