[2026-03-20 21:56:39] [INFO] 日志文件: D:/bishe/AdaGeoHyper-TKAN/outputs\20260320_215639_temperature\train_20260320_215639.log
[2026-03-20 21:56:39] [INFO] ============================================================
[2026-03-20 21:56:39] [INFO] AdaGeoHyper-TKAN 训练启动
[2026-03-20 21:56:39] [INFO] ============================================================
[2026-03-20 21:56:39] [INFO] 数据集: temperature
[2026-03-20 21:56:39] [INFO] 输出目录: D:/bishe/AdaGeoHyper-TKAN/outputs\20260320_215639_temperature
[2026-03-20 21:56:39] [INFO] [种子] 随机种子设置为 42 (cudnn.benchmark=True)
[2026-03-20 21:56:39] [INFO] [设备] GPU: NVIDIA GeForce RTX 5070 Laptop GPU, 显存: 8.0GB
[2026-03-20 21:56:39] [INFO] [配置] 配置快照已保存: D:/bishe/AdaGeoHyper-TKAN/outputs\20260320_215639_temperature\config_snapshot.yaml
[2026-03-20 21:56:39] [INFO] [数据] 数据目录: D:/bishe/WYB\temperature
[2026-03-20 21:56:41] [INFO] [Data] Context disabled
[2026-03-20 21:56:41] [INFO] [Data] Station sampling: 2048 -> 1024
[2026-03-20 21:56:42] [INFO] [Data] Using context altitude channel for graph, range=[-28.95, 4910.14]
[2026-03-20 21:56:42] [INFO] [Data] Loading trn: D:/bishe/WYB\temperature\trn.pkl
[2026-03-20 21:56:44] [INFO] [Data] Station sampling by fixed indices: 1024
[2026-03-20 21:56:44] [INFO] [Data] Sample sampling: 2300 -> 1150 (ratio=0.5)
[2026-03-20 21:56:44] [INFO] [Data] Final trn: x=(1150, 12, 1024, 1), y=(1150, 12, 1024, 1)
[2026-03-20 21:56:44] [INFO] [Data] Loading val: D:/bishe/WYB\temperature\val.pkl
[2026-03-20 21:56:45] [INFO] [Data] Station sampling by fixed indices: 1024
[2026-03-20 21:56:45] [INFO] [Data] Final val: x=(329, 12, 1024, 1), y=(329, 12, 1024, 1)
[2026-03-20 21:56:45] [INFO] [Data] Loading test: D:/bishe/WYB\temperature\test.pkl
[2026-03-20 21:56:45] [INFO] [Data] Station sampling by fixed indices: 1024
[2026-03-20 21:56:46] [INFO] [Data] Final test: x=(657, 12, 1024, 1), y=(657, 12, 1024, 1)
[2026-03-20 21:56:46] [INFO] [Data] Loading positions: D:/bishe/WYB\temperature\position.pkl
[2026-03-20 21:56:46] [INFO] [Data] Positions with altitude (context channel 5), shape=(1024, 3)
[2026-03-20 21:56:46] [INFO] [Data] Data loading done
[2026-03-20 21:56:46] [INFO]   Train samples: 1150
[2026-03-20 21:56:46] [INFO]   Val samples: 329
[2026-03-20 21:56:46] [INFO]   Test samples: 657
[2026-03-20 21:56:46] [INFO]   Stations: 1024, input_dim=1, target_dim=1
[2026-03-20 21:56:46] [INFO]   Position dim: 3
[2026-03-20 21:56:46] [INFO] [模型] AdaGeoHyperTKAN 初始化完成:
[2026-03-20 21:56:46] [INFO]   输入: [B, 12, N, 1]
[2026-03-20 21:56:46] [INFO]   输出: [B, 12, N, 1]
[2026-03-20 21:56:46] [INFO]   hidden_dim=64, tkan_hidden=64
[2026-03-20 21:56:46] [INFO]   tkan_layers=2, hypergraph_layers=2
[2026-03-20 21:56:46] [INFO]   k_neighbors=8
[2026-03-20 21:56:46] [INFO] [模型] 模型参数量: 381,453 (可训练: 381,453)
[2026-03-20 21:56:46] [INFO] [超图] ========== 超图构建信息 ==========
[2026-03-20 21:56:46] [INFO] [超图] 位置维度: 3D (lonlat_alt) -> 经度(lon) + 纬度(lat) + 海拔(alt)
[2026-03-20 21:56:46] [INFO] [超图] 站点数: 1024, K近邻: 8
[2026-03-20 21:56:46] [INFO] [超图] λ_geo=1.0, λ_alt=0.5
[2026-03-20 21:56:46] [INFO] [超图] 未命中缓存, 开始构图 (lonlat_alt)...
[2026-03-20 21:56:46] [INFO] [超图] 构图完成: 站点数=1024, K=8, 超边数=1024, 耗时=0.09s
[2026-03-20 21:56:46] [INFO] [超图] 平均邻居距离: 789.06km, 最大距离: 1973.37km
[2026-03-20 21:56:46] [INFO] [超图] 缓存已保存:
[2026-03-20 21:56:46] [INFO] [超图]   路径: d:\bishe\AdaGeoHyper-TKAN\cache\hypergraph_lonlat_alt_6fc95e2f29b2eebbd235dd5145b5806f.pkl
[2026-03-20 21:56:46] [INFO] [超图]   文件: hypergraph_lonlat_alt_6fc95e2f29b2eebbd235dd5145b5806f.pkl
[2026-03-20 21:56:46] [INFO] [超图]   构建维度: 3D (lonlat_alt) -> 经度(lon) + 纬度(lat) + 海拔(alt)
[2026-03-20 21:56:46] [INFO] [超图] ========== 超图就绪 ==========
[2026-03-20 21:56:46] [INFO] [超图] N=1024, K=8, edges=1024, dim=3D (经度(lon) + 纬度(lat) + 海拔(alt))
[2026-03-20 21:56:48] [INFO] [Compile] torch.compile 已启用 (inductor backend)
[2026-03-20 21:56:48] [INFO] [AMP] 混合精度训练已启用 (float16)
[2026-03-20 21:56:48] [INFO] [显存] 预估峰值: ~0.3GB, GPU 可用: 8.0GB
[2026-03-20 21:56:48] [INFO] 
  ━━━━━━━━━━━━━━━━━━━━━━━━━━━━━━━━━━━━━━━━━━━━━━━━━━━━━━━━━━━━━━━━━━━━━━━━
[2026-03-20 21:56:48] [INFO]                                   TRAINING                                
[2026-03-20 21:56:48] [INFO]   ━━━━━━━━━━━━━━━━━━━━━━━━━━━━━━━━━━━━━━━━━━━━━━━━━━━━━━━━━━━━━━━━━━━━━━━━
[2026-03-20 21:56:48] [INFO]     Epochs: 50  │  Batch: 16  │  Early Stop: On (patience=15)  │  AMP: On
[2026-03-20 21:56:48] [INFO]   ────────────────────────────────────────────────────────────────────────
[2026-03-20 21:56:48] [INFO]     ⏳ 首个 batch 需 CUDA warmup, 可能等待 1~3 分钟...
[2026-03-20 21:56:48] [INFO] 
