[2026-03-20 22:09:59] [INFO] 日志文件: D:/bishe/AdaGeoHyper-TKAN/outputs\20260320_220959_temperature\train_20260320_220959.log
[2026-03-20 22:09:59] [INFO] ============================================================
[2026-03-20 22:09:59] [INFO] AdaGeoHyper-TKAN 训练启动
[2026-03-20 22:09:59] [INFO] ============================================================
[2026-03-20 22:09:59] [INFO] 数据集: temperature
[2026-03-20 22:09:59] [INFO] 输出目录: D:/bishe/AdaGeoHyper-TKAN/outputs\20260320_220959_temperature
[2026-03-20 22:09:59] [INFO] [种子] 随机种子设置为 42 (cudnn.benchmark=True, TF32=high)
[2026-03-20 22:09:59] [INFO] [设备] GPU: NVIDIA GeForce RTX 5070 Laptop GPU, 显存: 8.0GB
[2026-03-20 22:09:59] [INFO] [配置] 配置快照已保存: D:/bishe/AdaGeoHyper-TKAN/outputs\20260320_220959_temperature\config_snapshot.yaml
[2026-03-20 22:09:59] [INFO] [数据] 数据目录: D:/bishe/WYB\temperature
[2026-03-20 22:10:00] [INFO] [Data] Context disabled
[2026-03-20 22:10:00] [INFO] [Data] Station sampling: 2048 -> 1024
[2026-03-20 22:10:01] [INFO] [Data] Using context altitude channel for graph, range=[-28.95, 4910.14]
[2026-03-20 22:10:01] [INFO] [Data] Loading trn: D:/bishe/WYB\temperature\trn.pkl
[2026-03-20 22:10:04] [INFO] [Data] Station sampling by fixed indices: 1024
[2026-03-20 22:10:04] [INFO] [Data] Sample sampling: 2300 -> 1150 (ratio=0.5)
[2026-03-20 22:10:04] [INFO] [Data] Final trn: x=(1150, 12, 1024, 1), y=(1150, 12, 1024, 1)
[2026-03-20 22:10:04] [INFO] [Data] Loading val: D:/bishe/WYB\temperature\val.pkl
[2026-03-20 22:10:04] [INFO] [Data] Station sampling by fixed indices: 1024
[2026-03-20 22:10:04] [INFO] [Data] Final val: x=(329, 12, 1024, 1), y=(329, 12, 1024, 1)
[2026-03-20 22:10:04] [INFO] [Data] Loading test: D:/bishe/WYB\temperature\test.pkl
[2026-03-20 22:10:05] [INFO] [Data] Station sampling by fixed indices: 1024
[2026-03-20 22:10:05] [INFO] [Data] Final test: x=(657, 12, 1024, 1), y=(657, 12, 1024, 1)
[2026-03-20 22:10:05] [INFO] [Data] Loading positions: D:/bishe/WYB\temperature\position.pkl
[2026-03-20 22:10:05] [INFO] [Data] Positions with altitude (context channel 5), shape=(1024, 3)
[2026-03-20 22:10:05] [INFO] [Data] Data loading done
[2026-03-20 22:10:05] [INFO]   Train samples: 1150
[2026-03-20 22:10:05] [INFO]   Val samples: 329
[2026-03-20 22:10:05] [INFO]   Test samples: 657
[2026-03-20 22:10:05] [INFO]   Stations: 1024, input_dim=1, target_dim=1
[2026-03-20 22:10:05] [INFO]   Position dim: 3
[2026-03-20 22:10:05] [INFO] [模型] AdaGeoHyperTKAN 初始化完成:
[2026-03-20 22:10:05] [INFO]   输入: [B, 12, N, 1]
[2026-03-20 22:10:05] [INFO]   输出: [B, 12, N, 1]
[2026-03-20 22:10:05] [INFO]   hidden_dim=64, tkan_hidden=64
[2026-03-20 22:10:05] [INFO]   tkan_layers=2, hypergraph_layers=2
[2026-03-20 22:10:05] [INFO]   k_neighbors=8
[2026-03-20 22:10:05] [INFO] [模型] 模型参数量: 381,453 (可训练: 381,453)
[2026-03-20 22:10:05] [INFO] [超图] ========== 超图构建信息 ==========
[2026-03-20 22:10:05] [INFO] [超图] 位置维度: 3D (lonlat_alt) -> 经度(lon) + 纬度(lat) + 海拔(alt)
[2026-03-20 22:10:05] [INFO] [超图] 站点数: 1024, K近邻: 8
[2026-03-20 22:10:05] [INFO] [超图] λ_geo=1.0, λ_alt=0.5
[2026-03-20 22:10:05] [INFO] [超图] 未命中缓存, 开始构图 (lonlat_alt)...
[2026-03-20 22:10:06] [INFO] [超图] 构图完成: 站点数=1024, K=8, 超边数=1024, 耗时=0.10s
[2026-03-20 22:10:06] [INFO] [超图] 平均邻居距离: 789.06km, 最大距离: 1973.37km
[2026-03-20 22:10:06] [INFO] [超图] 缓存已保存:
[2026-03-20 22:10:06] [INFO] [超图]   路径: d:\bishe\AdaGeoHyper-TKAN\cache\hypergraph_lonlat_alt_6fc95e2f29b2eebbd235dd5145b5806f.pkl
[2026-03-20 22:10:06] [INFO] [超图]   文件: hypergraph_lonlat_alt_6fc95e2f29b2eebbd235dd5145b5806f.pkl
[2026-03-20 22:10:06] [INFO] [超图]   构建维度: 3D (lonlat_alt) -> 经度(lon) + 纬度(lat) + 海拔(alt)
[2026-03-20 22:10:06] [INFO] [超图] ========== 超图就绪 ==========
[2026-03-20 22:10:06] [INFO] [超图] N=1024, K=8, edges=1024, dim=3D (经度(lon) + 纬度(lat) + 海拔(alt))
[2026-03-20 22:10:08] [INFO] [Compile] torch.compile 已启用 (inductor backend)
[2026-03-20 22:10:08] [INFO] [AMP] 混合精度训练已启用 (float16)
[2026-03-20 22:10:08] [INFO] [显存] 预估峰值: ~0.3GB, GPU 可用: 8.0GB
[2026-03-20 22:10:08] [INFO] 
  ━━━━━━━━━━━━━━━━━━━━━━━━━━━━━━━━━━━━━━━━━━━━━━━━━━━━━━━━━━━━━━━━━━━━━━━━
[2026-03-20 22:10:08] [INFO]                                   TRAINING                                
[2026-03-20 22:10:08] [INFO]   ━━━━━━━━━━━━━━━━━━━━━━━━━━━━━━━━━━━━━━━━━━━━━━━━━━━━━━━━━━━━━━━━━━━━━━━━
[2026-03-20 22:10:08] [INFO]     Epochs: 50  │  Batch: 16  │  Early Stop: On (patience=15)  │  AMP: On
[2026-03-20 22:10:08] [INFO]   ────────────────────────────────────────────────────────────────────────
[2026-03-20 22:10:08] [INFO]     ⏳ 首个 batch 需 CUDA warmup, 可能等待 1~3 分钟...
[2026-03-20 22:10:08] [INFO] 
[2026-03-20 22:32:44] [INFO] Epoch   1/50 | Train: 0.154159 | Val: 0.030678 | MAE: 2.5560 | RMSE: 3.5818 | MAPE: 0.93% | LR: 1.00e-03 | 1356s | New Best
[2026-03-20 22:32:44] [INFO] [保存] 最佳模型已保存 (epoch 1, val_loss=0.030678)
[2026-03-20 22:35:10] [INFO] Epoch   2/50 | Train: 0.052783 | Val: 0.028561 | MAE: 2.5042 | RMSE: 3.4562 | MAPE: 0.92% | LR: 9.99e-04 | 146s | New Best (-0.002117)
[2026-03-20 22:35:11] [INFO] [保存] 最佳模型已保存 (epoch 2, val_loss=0.028561)
[2026-03-20 22:37:31] [INFO] Epoch   3/50 | Train: 0.040669 | Val: 0.024507 | MAE: 2.3436 | RMSE: 3.2012 | MAPE: 0.86% | LR: 9.96e-04 | 141s | New Best (-0.004054)
[2026-03-20 22:37:31] [INFO] [保存] 最佳模型已保存 (epoch 3, val_loss=0.024507)
[2026-03-20 22:40:45] [INFO] Epoch   4/50 | Train: 0.034537 | Val: 0.022375 | MAE: 2.2393 | RMSE: 3.0587 | MAPE: 0.82% | LR: 9.91e-04 | 194s | New Best (-0.002132)
[2026-03-20 22:40:45] [INFO] [保存] 最佳模型已保存 (epoch 4, val_loss=0.022375)
