[2026-03-20 23:20:35] [INFO] 日志文件: D:/bishe/AdaGeoHyper-TKAN/outputs\20260320_232035_temperature\train_20260320_232035.log
[2026-03-20 23:20:35] [INFO] ============================================================
[2026-03-20 23:20:35] [INFO] AdaGeoHyper-TKAN 训练启动
[2026-03-20 23:20:35] [INFO] ============================================================
[2026-03-20 23:20:35] [INFO] 数据集: temperature
[2026-03-20 23:20:35] [INFO] 输出目录: D:/bishe/AdaGeoHyper-TKAN/outputs\20260320_232035_temperature
[2026-03-20 23:20:35] [INFO] [种子] 随机种子设置为 42 (cudnn.benchmark=True, TF32=high)
[2026-03-20 23:20:35] [INFO] [设备] GPU: NVIDIA GeForce RTX 5070 Laptop GPU, 显存: 8.0GB
[2026-03-20 23:20:35] [INFO] [配置] 配置快照已保存: D:/bishe/AdaGeoHyper-TKAN/outputs\20260320_232035_temperature\config_snapshot.yaml
[2026-03-20 23:20:35] [INFO] [数据] 数据目录: D:/bishe/WYB\temperature
[2026-03-20 23:20:37] [INFO] [Data] Context disabled
[2026-03-20 23:20:37] [INFO] [Data] Station sampling: 2048 -> 1200
[2026-03-20 23:20:37] [INFO] [Data] Using context altitude channel for graph, range=[-28.95, 4910.14]
[2026-03-20 23:20:37] [INFO] [Data] Loading trn: D:/bishe/WYB\temperature\trn.pkl
[2026-03-20 23:20:40] [INFO] [Data] Station sampling by fixed indices: 1200
[2026-03-20 23:20:40] [INFO] [Data] Final trn: x=(2300, 12, 1200, 1), y=(2300, 12, 1200, 1)
[2026-03-20 23:20:41] [INFO] [Data] Loading val: D:/bishe/WYB\temperature\val.pkl
[2026-03-20 23:20:41] [INFO] [Data] Station sampling by fixed indices: 1200
[2026-03-20 23:20:41] [INFO] [Data] Final val: x=(329, 12, 1200, 1), y=(329, 12, 1200, 1)
[2026-03-20 23:20:41] [INFO] [Data] Loading test: D:/bishe/WYB\temperature\test.pkl
[2026-03-20 23:20:42] [INFO] [Data] Station sampling by fixed indices: 1200
[2026-03-20 23:20:42] [INFO] [Data] Final test: x=(657, 12, 1200, 1), y=(657, 12, 1200, 1)
[2026-03-20 23:20:42] [INFO] [Data] Loading positions: D:/bishe/WYB\temperature\position.pkl
[2026-03-20 23:20:42] [INFO] [Data] Positions with altitude (context channel 5), shape=(1200, 3)
[2026-03-20 23:20:42] [INFO] [Data] Data loading done
[2026-03-20 23:20:42] [INFO]   Train samples: 2300
[2026-03-20 23:20:42] [INFO]   Val samples: 329
[2026-03-20 23:20:42] [INFO]   Test samples: 657
[2026-03-20 23:20:42] [INFO]   Stations: 1200, input_dim=1, target_dim=1
[2026-03-20 23:20:42] [INFO]   Position dim: 3
[2026-03-20 23:20:42] [INFO] [模型] AdaGeoHyperTKAN 初始化完成:
[2026-03-20 23:20:42] [INFO]   输入: [B, 12, N, 1]
[2026-03-20 23:20:42] [INFO]   输出: [B, 12, N, 1]
[2026-03-20 23:20:42] [INFO]   hidden_dim=64, tkan_hidden=64
[2026-03-20 23:20:42] [INFO]   tkan_layers=2, hypergraph_layers=2
[2026-03-20 23:20:42] [INFO]   k_neighbors=8
[2026-03-20 23:20:42] [INFO] [模型] 模型参数量: 381,453 (可训练: 381,453)
[2026-03-20 23:20:42] [INFO] [超图] ========== 超图构建信息 ==========
[2026-03-20 23:20:42] [INFO] [超图] 位置维度: 3D (lonlat_alt) -> 经度(lon) + 纬度(lat) + 海拔(alt)
[2026-03-20 23:20:42] [INFO] [超图] 站点数: 1200, K近邻: 8
[2026-03-20 23:20:42] [INFO] [超图] λ_geo=1.0, λ_alt=0.5
[2026-03-20 23:20:42] [INFO] [超图] 命中缓存:
[2026-03-20 23:20:42] [INFO] [超图]   路径: d:\bishe\AdaGeoHyper-TKAN\cache\hypergraph_lonlat_alt_7033afcfd501e7103da502a60b8a866c.pkl
[2026-03-20 23:20:42] [INFO] [超图]   文件: hypergraph_lonlat_alt_7033afcfd501e7103da502a60b8a866c.pkl
[2026-03-20 23:20:42] [INFO] [超图]   构建维度: 3D (lonlat_alt)
[2026-03-20 23:20:42] [INFO] [超图]   站点数=1200, K=8
[2026-03-20 23:20:42] [INFO] [超图] ========== 超图就绪 ==========
[2026-03-20 23:20:42] [INFO] [超图] N=1200, K=8, edges=1200, dim=3D (经度(lon) + 纬度(lat) + 海拔(alt))
[2026-03-20 23:20:45] [INFO] [Compile] torch.compile 已启用 (inductor backend)
[2026-03-20 23:20:45] [INFO] [AMP] 混合精度训练已启用 (float16)
[2026-03-20 23:20:45] [INFO] [显存] 预估峰值: ~0.3GB, GPU 可用: 8.0GB
[2026-03-20 23:20:45] [INFO] 
  ━━━━━━━━━━━━━━━━━━━━━━━━━━━━━━━━━━━━━━━━━━━━━━━━━━━━━━━━━━━━━━━━━━━━━━━━
[2026-03-20 23:20:45] [INFO]                                   TRAINING                                
[2026-03-20 23:20:45] [INFO]   ━━━━━━━━━━━━━━━━━━━━━━━━━━━━━━━━━━━━━━━━━━━━━━━━━━━━━━━━━━━━━━━━━━━━━━━━
[2026-03-20 23:20:45] [INFO]     Epochs: 50  │  Batch: 16  │  Early Stop: On (patience=15)  │  AMP: On
[2026-03-20 23:20:45] [INFO]   ────────────────────────────────────────────────────────────────────────
[2026-03-20 23:20:45] [INFO]     ⏳ torch.compile 首次编译 (前向+反向, 仅一次, 约 5~10 分钟)...
[2026-03-20 23:24:27] [INFO]     ✓ 编译完成 (223s), 后续 epoch 无需重复编译
[2026-03-20 23:24:27] [INFO] 
[2026-03-20 23:32:18] [INFO] Epoch   1/50 | Train: 0.094332 | Val: 0.024887 | MAE: 2.4397 | RMSE: 3.3267 | MAPE: 0.89% | LR: 1.00e-03 | 471s | New Best
[2026-03-20 23:32:19] [INFO] [保存] 最佳模型已保存 (epoch 1, val_loss=0.024887)
[2026-03-20 23:40:19] [INFO] Epoch   2/50 | Train: 0.034091 | Val: 0.022472 | MAE: 2.3126 | RMSE: 3.1593 | MAPE: 0.86% | LR: 9.99e-04 | 480s | New Best (-0.002414)
[2026-03-20 23:40:19] [INFO] [保存] 最佳模型已保存 (epoch 2, val_loss=0.022472)
[2026-03-20 23:49:23] [INFO] Epoch   3/50 | Train: 0.026933 | Val: 0.019368 | MAE: 2.1006 | RMSE: 2.9323 | MAPE: 0.78% | LR: 9.96e-04 | 544s | New Best (-0.003105)
[2026-03-20 23:49:23] [INFO] [保存] 最佳模型已保存 (epoch 3, val_loss=0.019368)
[2026-03-20 23:57:03] [INFO] Epoch   4/50 | Train: 0.023074 | Val: 0.015061 | MAE: 1.8730 | RMSE: 2.5859 | MAPE: 0.69% | LR: 9.91e-04 | 460s | New Best (-0.004307)
[2026-03-20 23:57:03] [INFO] [保存] 最佳模型已保存 (epoch 4, val_loss=0.015061)
[2026-03-21 00:05:47] [INFO] Epoch   5/50 | Train: 0.020444 | Val: 0.014779 | MAE: 1.8459 | RMSE: 2.5607 | MAPE: 0.68% | LR: 9.84e-04 | 524s | New Best (-0.000282)
[2026-03-21 00:05:47] [INFO] [保存] 最佳模型已保存 (epoch 5, val_loss=0.014779)
[2026-03-21 00:13:43] [INFO] Epoch   6/50 | Train: 0.018654 | Val: 0.012483 | MAE: 1.7274 | RMSE: 2.3549 | MAPE: 0.63% | LR: 9.76e-04 | 475s | New Best (-0.002296)
[2026-03-21 00:13:43] [INFO] [保存] 最佳模型已保存 (epoch 6, val_loss=0.012483)
[2026-03-21 00:21:31] [INFO] Epoch   7/50 | Train: 0.017246 | Val: 0.011784 | MAE: 1.6365 | RMSE: 2.2871 | MAPE: 0.60% | LR: 9.65e-04 | 468s | New Best (-0.000699)
[2026-03-21 00:21:31] [INFO] [保存] 最佳模型已保存 (epoch 7, val_loss=0.011784)
[2026-03-21 00:29:19] [INFO] Epoch   8/50 | Train: 0.016394 | Val: 0.010576 | MAE: 1.5193 | RMSE: 2.1675 | MAPE: 0.56% | LR: 9.52e-04 | 468s | New Best (-0.001208)
[2026-03-21 00:29:19] [INFO] [保存] 最佳模型已保存 (epoch 8, val_loss=0.010576)
[2026-03-21 00:37:05] [INFO] Epoch   9/50 | Train: 0.015725 | Val: 0.010371 | MAE: 1.4769 | RMSE: 2.1459 | MAPE: 0.55% | LR: 9.38e-04 | 466s | New Best (-0.000205)
[2026-03-21 00:37:05] [INFO] [保存] 最佳模型已保存 (epoch 9, val_loss=0.010371)
[2026-03-21 00:44:50] [INFO] Epoch  10/50 | Train: 0.015201 | Val: 0.012098 | MAE: 1.6786 | RMSE: 2.3173 | MAPE: 0.62% | LR: 9.22e-04 | 465s | 
[2026-03-21 00:52:53] [INFO] Epoch  11/50 | Train: 0.014802 | Val: 0.011236 | MAE: 1.6111 | RMSE: 2.2337 | MAPE: 0.59% | LR: 9.05e-04 | 483s | 
[2026-03-21 01:01:05] [INFO] Epoch  12/50 | Train: 0.014359 | Val: 0.011537 | MAE: 1.6711 | RMSE: 2.2638 | MAPE: 0.61% | LR: 8.85e-04 | 492s | 
