[2026-03-21 12:47:44] [INFO] 日志文件: D:/bishe/AdaGeoHyper-TKAN/outputs\20260321_124744_temperature\train_20260321_124744.log
[2026-03-21 12:47:44] [INFO] ============================================================
[2026-03-21 12:47:44] [INFO] AdaGeoHyper-TKAN 训练启动
[2026-03-21 12:47:44] [INFO] ============================================================
[2026-03-21 12:47:44] [INFO] 数据集: temperature
[2026-03-21 12:47:44] [INFO] 要素: Temperature, 生效k=6, config_k=6, degree_clamp_min=1e-06, float32_norm=False
[2026-03-21 12:47:44] [INFO] 输出目录: D:/bishe/AdaGeoHyper-TKAN/outputs\20260321_124744_temperature
[2026-03-21 12:47:44] [INFO] [种子] 随机种子设置为 42 (cudnn.benchmark=True, TF32=high)
[2026-03-21 12:47:44] [INFO] [设备] GPU: NVIDIA GeForce RTX 5070 Laptop GPU, 显存: 8.0GB
[2026-03-21 12:47:44] [INFO] [配置] 配置快照已保存: D:/bishe/AdaGeoHyper-TKAN/outputs\20260321_124744_temperature\config_snapshot.yaml
[2026-03-21 12:47:44] [INFO] [数据] 数据目录: D:/bishe/WYB\temperature
[2026-03-21 12:47:51] [INFO] [Data] Station sampling: 2048 -> 1028
[2026-03-21 12:48:12] [INFO] [Data] Context enabled: ['year', 'month', 'day', 'region'] (indices=[0, 1, 2, 4]), input channels 1 -> 5
[2026-03-21 12:48:12] [INFO] [Data] Using context altitude channel for graph, range=[-28.95, 4910.14]
[2026-03-21 12:48:12] [INFO] [Data] Loading trn: D:/bishe/WYB\temperature\trn.pkl
[2026-03-21 12:48:16] [INFO] [Data] Station sampling by fixed indices: 1028
[2026-03-21 12:48:22] [INFO] [Data] Context concat enabled, x/y channels -> 5/5, indices=[0, 1, 2, 4]
[2026-03-21 12:48:22] [INFO] [Data] Final trn: x=(2300, 12, 1028, 5), y=(2300, 12, 1028, 5)
[2026-03-21 12:48:23] [INFO] [Data] Loading val: D:/bishe/WYB\temperature\val.pkl
[2026-03-21 12:48:23] [INFO] [Data] Station sampling by fixed indices: 1028
[2026-03-21 12:48:24] [INFO] [Data] Context concat enabled, x/y channels -> 5/5, indices=[0, 1, 2, 4]
[2026-03-21 12:48:24] [INFO] [Data] Final val: x=(329, 12, 1028, 5), y=(329, 12, 1028, 5)
[2026-03-21 12:48:24] [INFO] [Data] Loading test: D:/bishe/WYB\temperature\test.pkl
[2026-03-21 12:48:25] [INFO] [Data] Station sampling by fixed indices: 1028
[2026-03-21 12:48:27] [INFO] [Data] Context concat enabled, x/y channels -> 5/5, indices=[0, 1, 2, 4]
[2026-03-21 12:48:27] [INFO] [Data] Final test: x=(657, 12, 1028, 5), y=(657, 12, 1028, 5)
[2026-03-21 12:48:27] [INFO] [Data] Loading positions: D:/bishe/WYB\temperature\position.pkl
[2026-03-21 12:48:27] [INFO] [Data] Positions with altitude (context channel 5), shape=(1028, 3)
[2026-03-21 12:48:27] [INFO] [Data] Data loading done
[2026-03-21 12:48:27] [INFO]   Element: Temperature, normalize=True, kelvin_to_celsius=True, weather_scaler=standard, context_scaler=standard
[2026-03-21 12:48:27] [INFO]   Train samples: 2300
[2026-03-21 12:48:27] [INFO]   Val samples: 329
[2026-03-21 12:48:27] [INFO]   Test samples: 657
[2026-03-21 12:48:27] [INFO]   Stations: 1028, input_dim=5, target_dim=5, weather_target_dim=1
[2026-03-21 12:48:27] [INFO]   Position dim: 3
[2026-03-21 12:48:27] [INFO] [模型] AdaGeoHyperTKAN 初始化完成:
[2026-03-21 12:48:27] [INFO]   输入: [B, 12, N, 5]
[2026-03-21 12:48:27] [INFO]   输出: [B, 12, N, 5]
[2026-03-21 12:48:27] [INFO]   hidden_dim=64, tkan_hidden=64
[2026-03-21 12:48:27] [INFO]   tkan_layers=2, hypergraph_layers=2
[2026-03-21 12:48:27] [INFO]   k_neighbors=6
[2026-03-21 12:48:27] [INFO] [模型] 模型参数量: 388,157 (可训练: 388,157)
[2026-03-21 12:48:27] [INFO] [超图] ========== 超图构建信息 ==========
[2026-03-21 12:48:27] [INFO] [超图] 位置维度: 3D (lonlat_alt) -> 经度(lon) + 纬度(lat) + 海拔(alt)
[2026-03-21 12:48:27] [INFO] [超图] 站点数: 1028, K近邻: 6
[2026-03-21 12:48:27] [INFO] [超图] λ_geo=1.0, λ_alt=0.5
[2026-03-21 12:48:27] [INFO] [超图] 命中缓存:
[2026-03-21 12:48:27] [INFO] [超图]   路径: d:\bishe\AdaGeoHyper-TKAN\cache\hypergraph_lonlat_alt_840fa05344172e464aa494721a7988d5.pkl
[2026-03-21 12:48:27] [INFO] [超图]   文件: hypergraph_lonlat_alt_840fa05344172e464aa494721a7988d5.pkl
[2026-03-21 12:48:27] [INFO] [超图]   构建维度: 3D (lonlat_alt)
[2026-03-21 12:48:27] [INFO] [超图]   站点数=1028, K=6
[2026-03-21 12:48:27] [INFO] [超图] ========== 超图就绪 ==========
[2026-03-21 12:48:27] [INFO] [超图] N=1028, K=6, edges=1028, dim=3D (经度(lon) + 纬度(lat) + 海拔(alt))
[2026-03-21 12:48:30] [INFO] [Compile] torch.compile 已启用 (inductor backend)
[2026-03-21 12:48:30] [INFO] [AMP] 混合精度训练已启用 (float16)
[2026-03-21 12:48:30] [INFO] [显存] 预估峰值: ~0.3GB, GPU 可用: 8.0GB
[2026-03-21 12:48:30] [INFO] 
  ━━━━━━━━━━━━━━━━━━━━━━━━━━━━━━━━━━━━━━━━━━━━━━━━━━━━━━━━━━━━━━━━━━━━━━━━
[2026-03-21 12:48:30] [INFO]                                   TRAINING                                
[2026-03-21 12:48:30] [INFO]   ━━━━━━━━━━━━━━━━━━━━━━━━━━━━━━━━━━━━━━━━━━━━━━━━━━━━━━━━━━━━━━━━━━━━━━━━
[2026-03-21 12:48:30] [INFO]     Element: Temperature  │  Effective K: 6  │  Config K: 6
[2026-03-21 12:48:30] [INFO]     Epochs: 100  │  Batch: 16  │  Early Stop: On (patience=15)  │  AMP: On
[2026-03-21 12:48:30] [INFO]   ────────────────────────────────────────────────────────────────────────
[2026-03-21 12:48:30] [INFO]     ⏳ torch.compile 首次编译 (前向+反向, 仅一次, 约 5~10 分钟)...
[2026-03-21 12:53:37] [INFO]     [Warmup] train fwd+bwd 完成, 用时 306.6s
