[2026-03-21 09:56:10] [INFO] 日志文件: D:/bishe/AdaGeoHyper-TKAN/outputs\20260321_095610_temperature\train_20260321_095610.log
[2026-03-21 09:56:10] [INFO] ============================================================
[2026-03-21 09:56:10] [INFO] AdaGeoHyper-TKAN 训练启动
[2026-03-21 09:56:10] [INFO] ============================================================
[2026-03-21 09:56:10] [INFO] 数据集: temperature
[2026-03-21 09:56:10] [INFO] 要素: Temperature, 生效k=6, config_k=6, degree_clamp_min=1e-06
[2026-03-21 09:56:10] [INFO] 输出目录: D:/bishe/AdaGeoHyper-TKAN/outputs\20260321_095610_temperature
[2026-03-21 09:56:10] [INFO] [种子] 随机种子设置为 42 (cudnn.benchmark=True, TF32=high)
[2026-03-21 09:56:10] [INFO] [设备] GPU: NVIDIA GeForce RTX 5070 Laptop GPU, 显存: 8.0GB
[2026-03-21 09:56:10] [INFO] [配置] 配置快照已保存: D:/bishe/AdaGeoHyper-TKAN/outputs\20260321_095610_temperature\config_snapshot.yaml
[2026-03-21 09:56:10] [INFO] [数据] 数据目录: D:/bishe/WYB\temperature
[2026-03-21 09:56:12] [INFO] [Data] Context enabled: ['year', 'month', 'day', 'region'] (indices=[0, 1, 2, 4]), input channels 1 -> 5
[2026-03-21 09:56:12] [INFO] [Data] Station sampling: 2048 -> 1028
[2026-03-21 09:56:13] [INFO] [Data] Using context altitude channel for graph, range=[-28.95, 4910.14]
[2026-03-21 09:56:13] [INFO] [Data] Loading trn: D:/bishe/WYB\temperature\trn.pkl
[2026-03-21 09:56:17] [INFO] [Data] Station sampling by fixed indices: 1028
[2026-03-21 09:56:18] [INFO] [Data] Context concat enabled, x channels -> 5, indices=[0, 1, 2, 4]
[2026-03-21 09:56:18] [INFO] [Data] Final trn: x=(2300, 12, 1028, 5), y=(2300, 12, 1028, 1)
[2026-03-21 09:56:19] [INFO] [Data] Loading val: D:/bishe/WYB\temperature\val.pkl
[2026-03-21 09:56:19] [INFO] [Data] Station sampling by fixed indices: 1028
[2026-03-21 09:56:20] [INFO] [Data] Context concat enabled, x channels -> 5, indices=[0, 1, 2, 4]
[2026-03-21 09:56:20] [INFO] [Data] Final val: x=(329, 12, 1028, 5), y=(329, 12, 1028, 1)
[2026-03-21 09:56:20] [INFO] [Data] Loading test: D:/bishe/WYB\temperature\test.pkl
[2026-03-21 09:56:21] [INFO] [Data] Station sampling by fixed indices: 1028
[2026-03-21 09:56:21] [INFO] [Data] Context concat enabled, x channels -> 5, indices=[0, 1, 2, 4]
[2026-03-21 09:56:21] [INFO] [Data] Final test: x=(657, 12, 1028, 5), y=(657, 12, 1028, 1)
[2026-03-21 09:56:21] [INFO] [Data] Loading positions: D:/bishe/WYB\temperature\position.pkl
[2026-03-21 09:56:21] [INFO] [Data] Positions with altitude (context channel 5), shape=(1028, 3)
[2026-03-21 09:56:21] [INFO] [Data] Data loading done
[2026-03-21 09:56:21] [INFO]   Element: Temperature, normalize=True, kelvin_to_celsius=True
[2026-03-21 09:56:21] [INFO]   Train samples: 2300
[2026-03-21 09:56:21] [INFO]   Val samples: 329
[2026-03-21 09:56:21] [INFO]   Test samples: 657
[2026-03-21 09:56:21] [INFO]   Stations: 1028, input_dim=5, target_dim=1
[2026-03-21 09:56:21] [INFO]   Position dim: 3
[2026-03-21 09:56:21] [INFO] [模型] AdaGeoHyperTKAN 初始化完成:
[2026-03-21 09:56:21] [INFO]   输入: [B, 12, N, 5]
[2026-03-21 09:56:21] [INFO]   输出: [B, 12, N, 1]
[2026-03-21 09:56:21] [INFO]   hidden_dim=64, tkan_hidden=64
[2026-03-21 09:56:21] [INFO]   tkan_layers=2, hypergraph_layers=2
[2026-03-21 09:56:21] [INFO]   k_neighbors=6
[2026-03-21 09:56:22] [INFO] [模型] 模型参数量: 381,965 (可训练: 381,965)
[2026-03-21 09:56:22] [INFO] [超图] ========== 超图构建信息 ==========
[2026-03-21 09:56:22] [INFO] [超图] 位置维度: 3D (lonlat_alt) -> 经度(lon) + 纬度(lat) + 海拔(alt)
[2026-03-21 09:56:22] [INFO] [超图] 站点数: 1028, K近邻: 6
[2026-03-21 09:56:22] [INFO] [超图] λ_geo=1.0, λ_alt=0.5
[2026-03-21 09:56:22] [INFO] [超图] 命中缓存:
[2026-03-21 09:56:22] [INFO] [超图]   路径: d:\bishe\AdaGeoHyper-TKAN\cache\hypergraph_lonlat_alt_840fa05344172e464aa494721a7988d5.pkl
[2026-03-21 09:56:22] [INFO] [超图]   文件: hypergraph_lonlat_alt_840fa05344172e464aa494721a7988d5.pkl
[2026-03-21 09:56:22] [INFO] [超图]   构建维度: 3D (lonlat_alt)
[2026-03-21 09:56:22] [INFO] [超图]   站点数=1028, K=6
[2026-03-21 09:56:22] [INFO] [超图] ========== 超图就绪 ==========
[2026-03-21 09:56:22] [INFO] [超图] N=1028, K=6, edges=1028, dim=3D (经度(lon) + 纬度(lat) + 海拔(alt))
[2026-03-21 09:56:25] [INFO] [Compile] torch.compile 已启用 (inductor backend)
[2026-03-21 09:56:25] [INFO] [AMP] 混合精度训练已启用 (float16)
[2026-03-21 09:56:25] [INFO] [显存] 预估峰值: ~0.3GB, GPU 可用: 8.0GB
[2026-03-21 09:56:25] [INFO] 
  ━━━━━━━━━━━━━━━━━━━━━━━━━━━━━━━━━━━━━━━━━━━━━━━━━━━━━━━━━━━━━━━━━━━━━━━━
[2026-03-21 09:56:25] [INFO]                                   TRAINING                                
[2026-03-21 09:56:25] [INFO]   ━━━━━━━━━━━━━━━━━━━━━━━━━━━━━━━━━━━━━━━━━━━━━━━━━━━━━━━━━━━━━━━━━━━━━━━━
[2026-03-21 09:56:25] [INFO]     Element: Temperature  │  Effective K: 6  │  Config K: 6
[2026-03-21 09:56:25] [INFO]     Epochs: 100  │  Batch: 16  │  Early Stop: On (patience=15)  │  AMP: On
[2026-03-21 09:56:25] [INFO]   ────────────────────────────────────────────────────────────────────────
[2026-03-21 09:56:25] [INFO]     ⏳ torch.compile 首次编译 (前向+反向, 仅一次, 约 5~10 分钟)...
[2026-03-21 10:00:50] [INFO]     [Warmup] train fwd+bwd 完成, 用时 264.6s
[2026-03-21 10:03:06] [INFO]     [Warmup] val fwd 完成, 用时 136.0s
[2026-03-21 10:09:04] [INFO]     [Warmup] train tail bs=12 完成, 用时 358.0s
[2026-03-21 10:11:14] [INFO]     [Warmup] val tail bs=9 完成, 用时 130.4s
[2026-03-21 10:11:14] [INFO]     [Warmup] restore state 完成, 用时 0.0s
[2026-03-21 10:11:15] [INFO]     ✓ 编译完成 (890s), 后续 epoch 无需重复编译
[2026-03-21 10:11:15] [INFO] 
[2026-03-21 10:15:48] [INFO] Epoch   1/100 | Train: 1.034114 | Val: 0.987847 | MAE: 16.0659 | RMSE: 20.3070 | MAPE: 498.62% | LR: 1.00e-03 | 273s | New Best
[2026-03-21 10:15:48] [INFO] [保存] 最佳模型已保存 (epoch 1, val_loss=0.987847)
[2026-03-21 10:20:21] [INFO] Epoch   2/100 | Train: 0.812512 | Val: 1.104878 | MAE: 16.0067 | RMSE: 21.4632 | MAPE: 980.91% | LR: 1.00e-03 | 273s | 
[2026-03-21 10:24:53] [INFO] Epoch   3/100 | Train: 0.761132 | Val: 1.098435 | MAE: 15.9846 | RMSE: 21.4007 | MAPE: 967.65% | LR: 9.99e-04 | 273s | 
[2026-03-21 10:29:28] [INFO] Epoch   4/100 | Train: 0.763871 | Val: 1.141896 | MAE: 16.1415 | RMSE: 21.8189 | MAPE: 1054.99% | LR: 9.98e-04 | 275s | 
[2026-03-21 10:34:01] [INFO] Epoch   5/100 | Train: 0.737377 | Val: 1.162365 | MAE: 16.2232 | RMSE: 22.0132 | MAPE: 1091.89% | LR: 9.96e-04 | 273s | 
[2026-03-21 10:38:33] [INFO] Epoch   6/100 | Train: 0.695905 | Val: 1.216446 | MAE: 16.4538 | RMSE: 22.5189 | MAPE: 1180.33% | LR: 9.94e-04 | 273s | 
[2026-03-21 10:43:06] [INFO] Epoch   7/100 | Train: 0.627242 | Val: 1.251113 | MAE: 16.6126 | RMSE: 22.8373 | MAPE: 1231.18% | LR: 9.91e-04 | 272s | 
[2026-03-21 10:47:38] [INFO] Epoch   8/100 | Train: 0.592774 | Val: 1.318770 | MAE: 16.9366 | RMSE: 23.4465 | MAPE: 1322.77% | LR: 9.88e-04 | 272s | 
[2026-03-21 10:52:11] [INFO] Epoch   9/100 | Train: 0.584672 | Val: 1.091935 | MAE: 16.0009 | RMSE: 21.3433 | MAPE: 1422.99% | LR: 9.84e-04 | 272s | 
[2026-03-21 10:56:43] [INFO] Epoch  10/100 | Train: 0.492525 | Val: 1.088071 | MAE: 16.0211 | RMSE: 21.3063 | MAPE: 1555.92% | LR: 9.80e-04 | 272s | 
[2026-03-21 11:01:16] [INFO] Epoch  11/100 | Train: 0.732116 | Val: 1.708431 | MAE: 21.1444 | RMSE: 26.7002 | MAPE: 2059.20% | LR: 9.76e-04 | 273s | 
[2026-03-21 11:43:50] [INFO] Epoch  12/100 | Train: 0.531325 | Val: 0.801276 | MAE: 15.4120 | RMSE: 18.3190 | MAPE: 1788.45% | LR: 9.70e-04 | 2555s | New Best (-0.186571)
[2026-03-21 11:43:50] [INFO] [保存] 最佳模型已保存 (epoch 12, val_loss=0.801276)
[2026-03-21 11:48:23] [INFO] Epoch  13/100 | Train: 0.618179 | Val: 1.145734 | MAE: 16.9570 | RMSE: 21.8758 | MAPE: 1809.31% | LR: 9.65e-04 | 272s | 
[2026-03-21 11:52:55] [INFO] Epoch  14/100 | Train: 0.498810 | Val: 1.778169 | MAE: 22.6308 | RMSE: 27.2462 | MAPE: 2212.32% | LR: 9.59e-04 | 272s | 
[2026-03-21 11:57:31] [INFO] Epoch  15/100 | Train: 0.300687 | Val: 1.115839 | MAE: 18.9193 | RMSE: 21.6181 | MAPE: 2132.32% | LR: 9.52e-04 | 276s | 
[2026-03-21 12:02:03] [INFO] Epoch  16/100 | Train: 0.272613 | Val: 1.139853 | MAE: 19.1254 | RMSE: 21.8513 | MAPE: 2152.12% | LR: 9.46e-04 | 272s | 
